app/build/intermediates/manifest_merge_blame_file/debug/processDebugMainManifest/manifest-merger-blame-debug-report.txt
1<?xml version="1.0" encoding="utf-8"?>
2<manifest xmlns:android="http://schemas.android.com/apk/res/android"
3    package="com.quick.volume"
4    android:versionCode="1"
5    android:versionName="1.0" >
6
7    <uses-sdk
7-->INJECTED
8        android:minSdkVersion="24"
8-->INJECTED
9        android:targetSdkVersion="35" />
9-->INJECTED
10
11    <!-- Change media/ring/alarm/notification stream volumes -->
12    <uses-permission android:name="android.permission.MODIFY_AUDIO_SETTINGS" />
12-->src\main\AndroidManifest.xml:5:5-80
12-->src\main\AndroidManifest.xml:5:22-77
13
14    <!-- Required on Android 6+ to change ringer mode (silent/vibrate/normal) -->
15    <uses-permission android:name="android.permission.ACCESS_NOTIFICATION_POLICY" />
15-->src\main\AndroidManifest.xml:8:5-85
15-->src\main\AndroidManifest.xml:8:22-82
16
17    <!-- Required to draw the floating volume bubble on top of other apps -->
18    <uses-permission android:name="android.permission.SYSTEM_ALERT_WINDOW" />
18-->src\main\AndroidManifest.xml:11:5-78
18-->src\main\AndroidManifest.xml:11:22-75
19
20    <!-- Required to keep the floating bubble service alive -->
21    <uses-permission android:name="android.permission.FOREGROUND_SERVICE" />
21-->src\main\AndroidManifest.xml:14:5-77
21-->src\main\AndroidManifest.xml:14:22-74
22    <uses-permission android:name="android.permission.FOREGROUND_SERVICE_SPECIAL_USE" />
22-->src\main\AndroidManifest.xml:15:5-89
22-->src\main\AndroidManifest.xml:15:22-86
23
24    <permission
24-->[androidx.core:core:1.19.0] AndroidManifest.xml:22:5-24:47
25        android:name="com.quick.volume.DYNAMIC_RECEIVER_NOT_EXPORTED_PERMISSION"
25-->[androidx.core:core:1.19.0] AndroidManifest.xml:23:9-81
26        android:protectionLevel="signature" />
26-->[androidx.core:core:1.19.0] AndroidManifest.xml:24:9-44
27
28    <uses-permission android:name="com.quick.volume.DYNAMIC_RECEIVER_NOT_EXPORTED_PERMISSION" />
28-->[androidx.core:core:1.19.0] AndroidManifest.xml:26:5-97
28-->[androidx.core:core:1.19.0] AndroidManifest.xml:26:22-94
29
30    <application
30-->src\main\AndroidManifest.xml:17:5-112:19
31        android:name="com.quick.volume.QuickVolumeApp"
31-->src\main\AndroidManifest.xml:18:9-39
32        android:allowBackup="true"
32-->src\main\AndroidManifest.xml:19:9-35
33        android:appComponentFactory="androidx.core.app.CoreComponentFactory"
33-->[androidx.core:core:1.19.0] AndroidManifest.xml:28:18-86
34        android:debuggable="true"
35        android:extractNativeLibs="false"
35-->INJECTED
36        android:icon="@mipmap/ic_launcher"
36-->src\main\AndroidManifest.xml:21:9-43
37        android:label="@string/app_name"
37-->src\main\AndroidManifest.xml:20:9-41
38        android:roundIcon="@drawable/ic_launcher_round"
38-->src\main\AndroidManifest.xml:22:9-56
39        android:supportsRtl="true"
39-->src\main\AndroidManifest.xml:24:9-35
40        android:testOnly="true"
41        android:theme="@style/Theme.QuickVolume" >
41-->src\main\AndroidManifest.xml:23:9-49
42        <activity
42-->src\main\AndroidManifest.xml:26:9-33:20
43            android:name="com.quick.volume.MainActivity"
43-->src\main\AndroidManifest.xml:27:13-41
44            android:exported="true" >
44-->src\main\AndroidManifest.xml:28:13-36
45            <intent-filter>
45-->src\main\AndroidManifest.xml:29:13-32:29
46                <action android:name="android.intent.action.MAIN" />
46-->src\main\AndroidManifest.xml:30:17-69
46-->src\main\AndroidManifest.xml:30:25-66
47
48                <category android:name="android.intent.category.LAUNCHER" />
48-->src\main\AndroidManifest.xml:31:17-77
48-->src\main\AndroidManifest.xml:31:27-74
49            </intent-filter>
50        </activity>
51
52        <!-- Floating bubble service: on-screen Vol+/Vol- replacement for the broken buttons -->
53        <service
53-->src\main\AndroidManifest.xml:36:9-43:19
54            android:name="com.quick.volume.FloatingVolumeService"
54-->src\main\AndroidManifest.xml:37:13-50
55            android:exported="false"
55-->src\main\AndroidManifest.xml:38:13-37
56            android:foregroundServiceType="specialUse" >
56-->src\main\AndroidManifest.xml:39:13-55
57            <property
57-->src\main\AndroidManifest.xml:40:13-42:104
58                android:name="android.app.PROPERTY_SPECIAL_USE_FGS_SUBTYPE"
58-->src\main\AndroidManifest.xml:41:17-76
59                android:value="Accessibility volume control replacement for broken hardware buttons" />
59-->src\main\AndroidManifest.xml:42:17-101
60        </service>
61
62        <!-- Home screen widget: quick ringer mode + volume buttons -->
63        <receiver
63-->src\main\AndroidManifest.xml:46:9-62:20
64            android:name="com.quick.volume.RingerModeWidgetProvider"
64-->src\main\AndroidManifest.xml:47:13-53
65            android:exported="true" >
65-->src\main\AndroidManifest.xml:48:13-36
66            <intent-filter>
66-->src\main\AndroidManifest.xml:49:13-58:29
67                <action android:name="android.appwidget.action.APPWIDGET_UPDATE" />
67-->src\main\AndroidManifest.xml:50:17-84
67-->src\main\AndroidManifest.xml:50:25-81
68                <action android:name="android.media.RINGER_MODE_CHANGED" />
68-->src\main\AndroidManifest.xml:51:17-76
68-->src\main\AndroidManifest.xml:51:25-73
69                <action android:name="android.app.action.INTERRUPTION_FILTER_CHANGED" />
69-->src\main\AndroidManifest.xml:52:17-89
69-->src\main\AndroidManifest.xml:52:25-86
70                <action android:name="com.quick.volume.ACTION_SET_NORMAL" />
70-->src\main\AndroidManifest.xml:53:17-77
70-->src\main\AndroidManifest.xml:53:25-74
71                <action android:name="com.quick.volume.ACTION_SET_VIBRATE" />
71-->src\main\AndroidManifest.xml:54:17-78
71-->src\main\AndroidManifest.xml:54:25-75
72                <action android:name="com.quick.volume.ACTION_TOGGLE_DND" />
72-->src\main\AndroidManifest.xml:55:17-77
72-->src\main\AndroidManifest.xml:55:25-74
73                <action android:name="com.quick.volume.ACTION_VOLUME_UP" />
73-->src\main\AndroidManifest.xml:56:17-76
73-->src\main\AndroidManifest.xml:56:25-73
74                <action android:name="com.quick.volume.ACTION_VOLUME_DOWN" />
74-->src\main\AndroidManifest.xml:57:17-78
74-->src\main\AndroidManifest.xml:57:25-75
75            </intent-filter>
76
77            <meta-data
77-->src\main\AndroidManifest.xml:59:13-61:55
78                android:name="android.appwidget.provider"
78-->src\main\AndroidManifest.xml:60:17-58
79                android:resource="@xml/widget_info" />
79-->src\main\AndroidManifest.xml:61:17-52
80        </receiver>
81
82        <!-- Quick Settings Tile: Ringer Mode Cycle -->
83        <service
83-->src\main\AndroidManifest.xml:65:9-74:19
84            android:name="com.quick.volume.QuickVolumeTileService"
84-->src\main\AndroidManifest.xml:66:13-51
85            android:exported="true"
85-->src\main\AndroidManifest.xml:70:13-36
86            android:icon="@drawable/ic_ring"
86-->src\main\AndroidManifest.xml:67:13-45
87            android:label="@string/app_name"
87-->src\main\AndroidManifest.xml:68:13-45
88            android:permission="android.permission.BIND_QUICK_SETTINGS_TILE" >
88-->src\main\AndroidManifest.xml:69:13-77
89            <intent-filter>
89-->src\main\AndroidManifest.xml:71:13-73:29
90                <action android:name="android.service.quicksettings.action.QS_TILE" />
90-->src\main\AndroidManifest.xml:72:17-87
90-->src\main\AndroidManifest.xml:72:25-84
91            </intent-filter>
92        </service>
93
94        <!-- Quick Settings Tile: Bubble Toggle -->
95        <service
95-->src\main\AndroidManifest.xml:77:9-86:19
96            android:name="com.quick.volume.BubbleTileService"
96-->src\main\AndroidManifest.xml:78:13-46
97            android:exported="true"
97-->src\main\AndroidManifest.xml:82:13-36
98            android:icon="@drawable/ic_bubble"
98-->src\main\AndroidManifest.xml:79:13-47
99            android:label="@string/floating_bubble_title"
99-->src\main\AndroidManifest.xml:80:13-58
100            android:permission="android.permission.BIND_QUICK_SETTINGS_TILE" >
100-->src\main\AndroidManifest.xml:81:13-77
101            <intent-filter>
101-->src\main\AndroidManifest.xml:71:13-73:29
102                <action android:name="android.service.quicksettings.action.QS_TILE" />
102-->src\main\AndroidManifest.xml:72:17-87
102-->src\main\AndroidManifest.xml:72:25-84
103            </intent-filter>
104        </service>
105
106        <!-- Quick Settings Tile: Dashboard Shortcut -->
107        <service
107-->src\main\AndroidManifest.xml:89:9-98:19
108            android:name="com.quick.volume.DashboardTileService"
108-->src\main\AndroidManifest.xml:90:13-49
109            android:exported="true"
109-->src\main\AndroidManifest.xml:94:13-36
110            android:icon="@drawable/ic_dashboard"
110-->src\main\AndroidManifest.xml:91:13-50
111            android:label="@string/volume_dashboard"
111-->src\main\AndroidManifest.xml:92:13-53
112            android:permission="android.permission.BIND_QUICK_SETTINGS_TILE" >
112-->src\main\AndroidManifest.xml:93:13-77
113            <intent-filter>
113-->src\main\AndroidManifest.xml:71:13-73:29
114                <action android:name="android.service.quicksettings.action.QS_TILE" />
114-->src\main\AndroidManifest.xml:72:17-87
114-->src\main\AndroidManifest.xml:72:25-84
115            </intent-filter>
116        </service>
117
118        <!-- Quick Settings Tile: System Volume Panel -->
119        <service
119-->src\main\AndroidManifest.xml:101:9-110:19
120            android:name="com.quick.volume.VolumePanelTileService"
120-->src\main\AndroidManifest.xml:102:13-51
121            android:exported="true"
121-->src\main\AndroidManifest.xml:106:13-36
122            android:icon="@drawable/ic_volume_panel"
122-->src\main\AndroidManifest.xml:103:13-53
123            android:label="@string/volume_panel"
123-->src\main\AndroidManifest.xml:104:13-49
124            android:permission="android.permission.BIND_QUICK_SETTINGS_TILE" >
124-->src\main\AndroidManifest.xml:105:13-77
125            <intent-filter>
125-->src\main\AndroidManifest.xml:71:13-73:29
126                <action android:name="android.service.quicksettings.action.QS_TILE" />
126-->src\main\AndroidManifest.xml:72:17-87
126-->src\main\AndroidManifest.xml:72:25-84
127            </intent-filter>
128        </service>
129
130        <provider
130-->[androidx.emoji2:emoji2:1.3.0] AndroidManifest.xml:24:9-32:20
131            android:name="androidx.startup.InitializationProvider"
131-->[androidx.emoji2:emoji2:1.3.0] AndroidManifest.xml:25:13-67
132            android:authorities="com.quick.volume.androidx-startup"
132-->[androidx.emoji2:emoji2:1.3.0] AndroidManifest.xml:26:13-68
133            android:exported="false" >
133-->[androidx.emoji2:emoji2:1.3.0] AndroidManifest.xml:27:13-37
134            <meta-data
134-->[androidx.emoji2:emoji2:1.3.0] AndroidManifest.xml:29:13-31:52
135                android:name="androidx.emoji2.text.EmojiCompatInitializer"
135-->[androidx.emoji2:emoji2:1.3.0] AndroidManifest.xml:30:17-75
136                android:value="androidx.startup" />
136-->[androidx.emoji2:emoji2:1.3.0] AndroidManifest.xml:31:17-49
137            <meta-data
137-->[androidx.lifecycle:lifecycle-process:2.6.2] AndroidManifest.xml:29:13-31:52
138                android:name="androidx.lifecycle.ProcessLifecycleInitializer"
138-->[androidx.lifecycle:lifecycle-process:2.6.2] AndroidManifest.xml:30:17-78
139                android:value="androidx.startup" />
139-->[androidx.lifecycle:lifecycle-process:2.6.2] AndroidManifest.xml:31:17-49
140            <meta-data
140-->[androidx.profileinstaller:profileinstaller:1.4.0] AndroidManifest.xml:29:13-31:52
141                android:name="androidx.profileinstaller.ProfileInstallerInitializer"
141-->[androidx.profileinstaller:profileinstaller:1.4.0] AndroidManifest.xml:30:17-85
142                android:value="androidx.startup" />
142-->[androidx.profileinstaller:profileinstaller:1.4.0] AndroidManifest.xml:31:17-49
143        </provider>
144
145        <receiver
145-->[androidx.profileinstaller:profileinstaller:1.4.0] AndroidManifest.xml:34:9-52:20
146            android:name="androidx.profileinstaller.ProfileInstallReceiver"
146-->[androidx.profileinstaller:profileinstaller:1.4.0] AndroidManifest.xml:35:13-76
147            android:directBootAware="false"
147-->[androidx.profileinstaller:profileinstaller:1.4.0] AndroidManifest.xml:36:13-44
148            android:enabled="true"
148-->[androidx.profileinstaller:profileinstaller:1.4.0] AndroidManifest.xml:37:13-35
149            android:exported="true"
149-->[androidx.profileinstaller:profileinstaller:1.4.0] AndroidManifest.xml:38:13-36
150            android:permission="android.permission.DUMP" >
150-->[androidx.profileinstaller:profileinstaller:1.4.0] AndroidManifest.xml:39:13-57
151            <intent-filter>
151-->[androidx.profileinstaller:profileinstaller:1.4.0] AndroidManifest.xml:40:13-42:29
152                <action android:name="androidx.profileinstaller.action.INSTALL_PROFILE" />
152-->[androidx.profileinstaller:profileinstaller:1.4.0] AndroidManifest.xml:41:17-91
152-->[androidx.profileinstaller:profileinstaller:1.4.0] AndroidManifest.xml:41:25-88
153            </intent-filter>
154            <intent-filter>
154-->[androidx.profileinstaller:profileinstaller:1.4.0] AndroidManifest.xml:43:13-45:29
155                <action android:name="androidx.profileinstaller.action.SKIP_FILE" />
155-->[androidx.profileinstaller:profileinstaller:1.4.0] AndroidManifest.xml:44:17-85
155-->[androidx.profileinstaller:profileinstaller:1.4.0] AndroidManifest.xml:44:25-82
156            </intent-filter>
157            <intent-filter>
157-->[androidx.profileinstaller:profileinstaller:1.4.0] AndroidManifest.xml:46:13-48:29
158                <action android:name="androidx.profileinstaller.action.SAVE_PROFILE" />
158-->[androidx.profileinstaller:profileinstaller:1.4.0] AndroidManifest.xml:47:17-88
158-->[androidx.profileinstaller:profileinstaller:1.4.0] AndroidManifest.xml:47:25-85
159            </intent-filter>
160            <intent-filter>
160-->[androidx.profileinstaller:profileinstaller:1.4.0] AndroidManifest.xml:49:13-51:29
161                <action android:name="androidx.profileinstaller.action.BENCHMARK_OPERATION" />
161-->[androidx.profileinstaller:profileinstaller:1.4.0] AndroidManifest.xml:50:17-95
161-->[androidx.profileinstaller:profileinstaller:1.4.0] AndroidManifest.xml:50:25-92
162            </intent-filter>
163        </receiver>
164    </application>
165
166</manifest>